<?xml version="1.0" encoding="UTF-8"?>
<testsuite xmlns:xsi="http://www.w3.org/2001/XMLSchema-instance" xsi:noNamespaceSchemaLocation="https://maven.apache.org/surefire/maven-surefire-plugin/xsd/surefire-test-report-3.0.xsd" version="3.0" name="TestSuite" time="10.477" tests="1" errors="0" skipped="0" failures="0">
  <properties>
[...]
</properties>
  <testcase name="loginTest[Admin, admin123](1)" classname="OrangeHPM.TestCases.TC_0001_Login" time="7.492">
    <system-out><![CDATA[2022-11-22 13:38:12,818 main DEBUG Apache Log4j Core 2.15.0 initializing configuration XmlConfiguration[location=C:\Users\Dima\Desktop\OrangeHRM\target\classes\log4j2.xml]
2022-11-22 13:38:12,824 main DEBUG Installed 0 script engines
2022-11-22 13:38:12,824 main DEBUG PluginManager 'Core' found 127 plugins
2022-11-22 13:38:12,825 main DEBUG PluginManager 'Level' found 0 plugins
2022-11-22 13:38:12,828 main DEBUG PluginManager 'Lookup' found 16 plugins
2022-11-22 13:38:12,830 main DEBUG Building Plugin[name=layout, class=org.apache.logging.log4j.core.layout.PatternLayout].
2022-11-22 13:38:12,843 main DEBUG PluginManager 'TypeConverter' found 26 plugins
2022-11-22 13:38:12,856 main DEBUG PatternLayout$Builder(pattern="%d{HH:mm:ss.SSS} [%t] %-5level %logger{36} - %msg%n", PatternSelector=null, Configuration(C:\Users\Dima\Desktop\OrangeHRM\target\classes\log4j2.xml), Replace=null, charset="null", alwaysWriteExceptions="null", disableAnsi="null", noConsoleNoAnsi="null", header="null", footer="null")
2022-11-22 13:38:12,857 main DEBUG PluginManager 'Converter' found 45 plugins
2022-11-22 13:38:12,858 main DEBUG Building Plugin[name=appender, class=org.apache.logging.log4j.core.appender.ConsoleAppender].
2022-11-22 13:38:12,866 main DEBUG ConsoleAppender$Builder(target="SYSTEM_OUT", follow="null", direct="null", bufferedIo="null", bufferSize="null", immediateFlush="null", ignoreExceptions="null", PatternLayout(%d{HH:mm:ss.SSS} [%t] %-5level %logger{36} - %msg%n), name="LogToConsole", Configuration(C:\Users\Dima\Desktop\OrangeHRM\target\classes\log4j2.xml), Filter=null, ={})
2022-11-22 13:38:12,868 main DEBUG Starting OutputStreamManager SYSTEM_OUT.false.false
2022-11-22 13:38:12,869 main DEBUG Building Plugin[name=layout, class=org.apache.logging.log4j.core.layout.PatternLayout].
2022-11-22 13:38:12,870 main DEBUG PatternLayout$Builder(pattern="%d %p %c{1.} [%t] %m%n", PatternSelector=null, Configuration(C:\Users\Dima\Desktop\OrangeHRM\target\classes\log4j2.xml), Replace=null, charset="null", alwaysWriteExceptions="null", disableAnsi="null", noConsoleNoAnsi="null", header="null", footer="null")
2022-11-22 13:38:12,886 main DEBUG Building Plugin[name=appender, class=org.apache.logging.log4j.core.appender.FileAppender].
2022-11-22 13:38:12,889 main DEBUG FileAppender$Builder(fileName="logs/app.log", append="null", locking="null", advertise="null", advertiseUri="null", createOnDemand="null", filePermissions="null", fileOwner="null", fileGroup="null", bufferedIo="null", bufferSize="null", immediateFlush="null", ignoreExceptions="null", PatternLayout(%d %p %c{1.} [%t] %m%n), name="LogToFile", Configuration(C:\Users\Dima\Desktop\OrangeHRM\target\classes\log4j2.xml), Filter=null, ={})
2022-11-22 13:38:12,891 main DEBUG Starting FileManager logs/app.log
2022-11-22 13:38:12,892 main DEBUG Building Plugin[name=appenders, class=org.apache.logging.log4j.core.config.AppendersPlugin].
2022-11-22 13:38:12,894 main DEBUG createAppenders(={LogToConsole, LogToFile})
2022-11-22 13:38:12,894 main DEBUG Building Plugin[name=AppenderRef, class=org.apache.logging.log4j.core.config.AppenderRef].
2022-11-22 13:38:12,899 main DEBUG createAppenderRef(ref="LogToFile", level="null", Filter=null)
2022-11-22 13:38:12,900 main DEBUG Building Plugin[name=AppenderRef, class=org.apache.logging.log4j.core.config.AppenderRef].
2022-11-22 13:38:12,900 main DEBUG createAppenderRef(ref="LogToConsole", level="null", Filter=null)
2022-11-22 13:38:12,900 main DEBUG Building Plugin[name=logger, class=org.apache.logging.log4j.core.config.LoggerConfig].
2022-11-22 13:38:12,903 main DEBUG createLogger(additivity="false", level="DEBUG", name="com.mkyong", includeLocation="null", ={LogToFile, LogToConsole}, ={}, Configuration(C:\Users\Dima\Desktop\OrangeHRM\target\classes\log4j2.xml), Filter=null)
2022-11-22 13:38:12,905 main DEBUG Building Plugin[name=AppenderRef, class=org.apache.logging.log4j.core.config.AppenderRef].
2022-11-22 13:38:12,906 main DEBUG createAppenderRef(ref="LogToConsole", level="null", Filter=null)
2022-11-22 13:38:12,906 main DEBUG Building Plugin[name=logger, class=org.apache.logging.log4j.core.config.LoggerConfig].
2022-11-22 13:38:12,907 main DEBUG createLogger(additivity="false", level="INFO", name="org.springframework.boot", includeLocation="null", ={LogToConsole}, ={}, Configuration(C:\Users\Dima\Desktop\OrangeHRM\target\classes\log4j2.xml), Filter=null)
2022-11-22 13:38:12,907 main DEBUG Building Plugin[name=AppenderRef, class=org.apache.logging.log4j.core.config.AppenderRef].
2022-11-22 13:38:12,908 main DEBUG createAppenderRef(ref="LogToFile", level="null", Filter=null)
2022-11-22 13:38:12,909 main DEBUG Building Plugin[name=AppenderRef, class=org.apache.logging.log4j.core.config.AppenderRef].
2022-11-22 13:38:12,909 main DEBUG createAppenderRef(ref="LogToConsole", level="null", Filter=null)
2022-11-22 13:38:12,909 main DEBUG Building Plugin[name=root, class=org.apache.logging.log4j.core.config.LoggerConfig$RootLogger].
2022-11-22 13:38:12,910 main DEBUG createLogger(additivity="null", level="INFO", includeLocation="null", ={LogToFile, LogToConsole}, ={}, Configuration(C:\Users\Dima\Desktop\OrangeHRM\target\classes\log4j2.xml), Filter=null)
2022-11-22 13:38:12,911 main DEBUG Building Plugin[name=loggers, class=org.apache.logging.log4j.core.config.LoggersPlugin].
2022-11-22 13:38:12,912 main DEBUG createLoggers(={com.mkyong, org.springframework.boot, root})
2022-11-22 13:38:12,913 main DEBUG Configuration XmlConfiguration[location=C:\Users\Dima\Desktop\OrangeHRM\target\classes\log4j2.xml] initialized
2022-11-22 13:38:12,913 main DEBUG Starting configuration XmlConfiguration[location=C:\Users\Dima\Desktop\OrangeHRM\target\classes\log4j2.xml]
2022-11-22 13:38:12,913 main DEBUG Started configuration XmlConfiguration[location=C:\Users\Dima\Desktop\OrangeHRM\target\classes\log4j2.xml] OK.
2022-11-22 13:38:12,914 main DEBUG Shutting down OutputStreamManager SYSTEM_OUT.false.false-1
2022-11-22 13:38:12,914 main DEBUG OutputStream closed
2022-11-22 13:38:12,914 main DEBUG Shut down OutputStreamManager SYSTEM_OUT.false.false-1, all resources released: true
2022-11-22 13:38:12,915 main DEBUG Appender DefaultConsole-1 stopped with status true
2022-11-22 13:38:12,915 main DEBUG Stopped org.apache.logging.log4j.core.config.DefaultConfiguration@1ee807c6 OK
2022-11-22 13:38:13,002 main DEBUG Registering MBean org.apache.logging.log4j2:type=2a139a55
2022-11-22 13:38:13,005 main DEBUG Registering MBean org.apache.logging.log4j2:type=2a139a55,component=StatusLogger
2022-11-22 13:38:13,006 main DEBUG Registering MBean org.apache.logging.log4j2:type=2a139a55,component=ContextSelector
2022-11-22 13:38:13,007 main DEBUG Registering MBean org.apache.logging.log4j2:type=2a139a55,component=Loggers,name=org.springframework.boot
2022-11-22 13:38:13,008 main DEBUG Registering MBean org.apache.logging.log4j2:type=2a139a55,component=Loggers,name=
2022-11-22 13:38:13,008 main DEBUG Registering MBean org.apache.logging.log4j2:type=2a139a55,component=Loggers,name=com.mkyong
2022-11-22 13:38:13,009 main DEBUG Registering MBean org.apache.logging.log4j2:type=2a139a55,component=Appenders,name=LogToConsole
2022-11-22 13:38:13,010 main DEBUG Registering MBean org.apache.logging.log4j2:type=2a139a55,component=Appenders,name=LogToFile
2022-11-22 13:38:13,012 main DEBUG org.apache.logging.log4j.core.util.SystemClock supports precise timestamps.
2022-11-22 13:38:13,012 main DEBUG Reconfiguration complete for context[name=2a139a55] at URI C:\Users\Dima\Desktop\OrangeHRM\target\classes\log4j2.xml (org.apache.logging.log4j.core.LoggerContext@41488b16) with optional ClassLoader: null
2022-11-22 13:38:13,012 main DEBUG Shutdown hook enabled. Registering a new one.
2022-11-22 13:38:13,013 main DEBUG LoggerContext[name=2a139a55, org.apache.logging.log4j.core.LoggerContext@41488b16] started OK.
13:38:13.224 [main] INFO  org.testng.internal.Utils - [Utils] MethodGroupsHelper.collectMethodsByGroup() took 0 ms.
13:38:13.232 [main] INFO  org.testng.internal.Utils - [Utils] MethodGroupsHelper.sortMethods() took 1 ms.
13:38:13.234 [main] INFO  org.testng.internal.Utils - [Utils] MethodGroupsHelper.collectMethodsByGroup() took 0 ms.
13:38:13.234 [main] INFO  org.testng.internal.Utils - [Utils] MethodGroupsHelper.sortMethods() took 0 ms.
13:38:13.237 [main] INFO  org.testng.internal.Utils - [Utils] MethodGroupsHelper.collectMethodsByGroup() took 3 ms.
13:38:13.251 [main] INFO  org.testng.internal.Utils - [Utils] MethodGroupsHelper.sortMethods() took 14 ms.
13:38:13.252 [main] INFO  org.testng.internal.Utils - [Utils] MethodGroupsHelper.collectMethodsByGroup() took 0 ms.
13:38:13.252 [main] INFO  org.testng.internal.Utils - [Utils] MethodGroupsHelper.sortMethods() took 0 ms.
13:38:13.253 [main] INFO  org.testng.internal.Utils - [Utils] MethodGroupsHelper.collectMethodsByGroup() took 0 ms.
13:38:13.253 [main] INFO  org.testng.internal.Utils - [Utils] MethodGroupsHelper.sortMethods() took 0 ms.
13:38:13.253 [main] INFO  org.testng.internal.Utils - [Utils] MethodGroupsHelper.collectMethodsByGroup() took 0 ms.
13:38:13.253 [main] INFO  org.testng.internal.Utils - [Utils] MethodGroupsHelper.sortMethods() took 0 ms.
13:38:13.254 [main] INFO  org.testng.internal.Utils - [Utils] MethodGroupsHelper.collectMethodsByGroup() took 0 ms.
13:38:13.254 [main] INFO  org.testng.internal.Utils - [Utils] MethodGroupsHelper.sortMethods() took 0 ms.
13:38:13.254 [main] INFO  org.testng.internal.Utils - [Utils] MethodGroupsHelper.collectMethodsByGroup() took 0 ms.
13:38:13.254 [main] INFO  org.testng.internal.Utils - [Utils] MethodGroupsHelper.sortMethods() took 0 ms.
13:38:13.256 [main] INFO  org.testng.internal.Utils - [Utils] MethodGroupsHelper.collectMethodsByGroup() took 0 ms.
13:38:13.257 [main] INFO  org.testng.internal.Utils - [Utils] MethodGroupsHelper.sortMethods() took 0 ms.
13:38:13.257 [main] INFO  org.testng.internal.Utils - [Utils] MethodGroupsHelper.collectMethodsByGroup() took 0 ms.
13:38:13.257 [main] INFO  org.testng.internal.Utils - [Utils] MethodGroupsHelper.sortMethods() took 0 ms.
13:38:13.259 [main] INFO  org.testng.internal.Utils - [Utils] MethodGroupsHelper.collectMethodsByGroup() took 0 ms.
13:38:13.259 [main] INFO  org.testng.internal.Utils - [Utils] MethodGroupsHelper.sortMethods() took 0 ms.
13:38:13.260 [main] INFO  org.testng.internal.Utils - [Utils] MethodGroupsHelper.collectMethodsByGroup() took 1 ms.
13:38:13.261 [main] INFO  org.testng.internal.Utils - [Utils] MethodGroupsHelper.sortMethods() took 0 ms.
13:38:13.262 [main] INFO  org.testng.internal.Utils - [Utils] MethodGroupsHelper.collectMethodsByGroup() took 0 ms.
13:38:13.263 [main] INFO  org.testng.internal.Utils - [Utils] MethodGroupsHelper.sortMethods() took 1 ms.
13:38:13.264 [main] INFO  org.testng.internal.Utils - [Utils] MethodGroupsHelper.collectMethodsByGroup() took 0 ms.
13:38:13.264 [main] INFO  org.testng.internal.Utils - [Utils] MethodGroupsHelper.sortMethods() took 0 ms.
13:38:13.265 [main] INFO  org.testng.internal.Utils - [Utils] MethodGroupsHelper.collectMethodsByGroup() took 0 ms.
13:38:13.265 [main] INFO  org.testng.internal.Utils - [Utils] MethodGroupsHelper.sortMethods() took 0 ms.
13:38:15.013 [main] INFO  OrangeHPM.PageObjects.BaseClass - WebDriver is set
13:38:15.020 [main] INFO  org.testng.internal.Utils - [Utils] DynamicGraphHelper.createDynamicGraph() took 2 ms.
]]></system-out>
    <system-err><![CDATA[Starting ChromeDriver 107.0.5304.62 (1eec40d3a5764881c92085aaee66d25075c159aa-refs/branch-heads/5304@{#942}) on port 4530
Only local connections are allowed.
Please see https://chromedriver.chromium.org/security-considerations for suggestions on keeping ChromeDriver safe.
ChromeDriver was started successfully.
Nov 22, 2022 1:38:14 PM org.openqa.selenium.devtools.CdpVersionFinder findNearestMatch
WARNING: Unable to find an exact match for CDP version 107, so returning the closest version found: 106
]]></system-err>
  </testcase>
</testsuite>